This file contains any messages produced by compilers while
running configure, to aid debugging if configure makes a mistake.

It was created by systemd configure 0, which was
generated by GNU Autoconf 2.65.  Invocation command line was

  $ ./configure --sysconfdir=/etc --localstatedir=/var --with-rootdir=

## --------- ##
## Platform. ##
## --------- ##

hostname = qurzaw
uname -m = x86_64
uname -r = 2.6.32-5-amd64
uname -s = Linux
uname -v = #1 SMP Tue May 11 21:33:18 CEST 2010

/usr/bin/uname -p = unknown
/bin/uname -X     = unknown

/bin/arch              = unknown
/usr/bin/arch -k       = unknown
/usr/convex/getsysinfo = unknown
/usr/bin/hostinfo      = unknown
/bin/machine           = unknown
/usr/bin/oslevel       = unknown
/bin/universe          = unknown

PATH: /home/tfheen/bin
PATH: /usr/local/bin
PATH: /usr/local
PATH: /usr/bin
PATH: /bin
PATH: /usr/games
PATH: /usr/sbin
PATH: /sbin


## ----------- ##
## Core tests. ##
## ----------- ##

configure:2266: checking for a BSD-compatible install
configure:2334: result: /usr/bin/install -c
configure:2345: checking whether build environment is sane
configure:2395: result: yes
configure:2536: checking for a thread-safe mkdir -p
configure:2575: result: /bin/mkdir -p
configure:2588: checking for gawk
configure:2604: found /usr/bin/gawk
configure:2615: result: gawk
configure:2626: checking whether make sets $(MAKE)
configure:2648: result: yes

## ---------------- ##
## Cache variables. ##
## ---------------- ##

ac_cv_env_CC_set=
ac_cv_env_CC_value=
ac_cv_env_CFLAGS_set=set
ac_cv_env_CFLAGS_value=' -g -O0'
ac_cv_env_CGROUP_CFLAGS_set=
ac_cv_env_CGROUP_CFLAGS_value=
ac_cv_env_CGROUP_LIBS_set=
ac_cv_env_CGROUP_LIBS_value=
ac_cv_env_CPPFLAGS_set=
ac_cv_env_CPPFLAGS_value=
ac_cv_env_CPP_set=
ac_cv_env_CPP_value=
ac_cv_env_DBUSGLIB_CFLAGS_set=
ac_cv_env_DBUSGLIB_CFLAGS_value=
ac_cv_env_DBUSGLIB_LIBS_set=
ac_cv_env_DBUSGLIB_LIBS_value=
ac_cv_env_DBUS_CFLAGS_set=
ac_cv_env_DBUS_CFLAGS_value=
ac_cv_env_DBUS_LIBS_set=
ac_cv_env_DBUS_LIBS_value=
ac_cv_env_GTK_CFLAGS_set=
ac_cv_env_GTK_CFLAGS_value=
ac_cv_env_GTK_LIBS_set=
ac_cv_env_GTK_LIBS_value=
ac_cv_env_LDFLAGS_set=
ac_cv_env_LDFLAGS_value=
ac_cv_env_LIBS_set=
ac_cv_env_LIBS_value=
ac_cv_env_PKG_CONFIG_LIBDIR_set=
ac_cv_env_PKG_CONFIG_LIBDIR_value=
ac_cv_env_PKG_CONFIG_PATH_set=
ac_cv_env_PKG_CONFIG_PATH_value=
ac_cv_env_PKG_CONFIG_set=
ac_cv_env_PKG_CONFIG_value=
ac_cv_env_UDEV_CFLAGS_set=
ac_cv_env_UDEV_CFLAGS_value=
ac_cv_env_UDEV_LIBS_set=
ac_cv_env_UDEV_LIBS_value=
ac_cv_env_build_alias_set=
ac_cv_env_build_alias_value=
ac_cv_env_host_alias_set=
ac_cv_env_host_alias_value=
ac_cv_env_target_alias_set=
ac_cv_env_target_alias_value=
ac_cv_path_install='/usr/bin/install -c'
ac_cv_path_mkdir=/bin/mkdir
ac_cv_prog_AWK=gawk
ac_cv_prog_make_make_set=yes

## ----------------- ##
## Output variables. ##
## ----------------- ##

ACLOCAL=''
AMDEPBACKSLASH=''
AMDEP_FALSE=''
AMDEP_TRUE=''
AMTAR=''
AM_BACKSLASH='\'
AM_DEFAULT_VERBOSITY='1'
AUTOCONF=''
AUTOHEADER=''
AUTOMAKE=''
AWK='gawk'
CC=''
CCDEPMODE=''
CFLAGS=' -g -O0'
CGROUP_CFLAGS=''
CGROUP_LIBS=''
CPP=''
CPPFLAGS=''
CYGPATH_W='echo'
DBUSGLIB_CFLAGS=''
DBUSGLIB_LIBS=''
DBUS_CFLAGS=''
DBUS_LIBS=''
DEFS=''
DEPDIR=''
ECHO_C=''
ECHO_N='-n'
ECHO_T=''
EGREP=''
EXEEXT=''
GREP=''
GTK_CFLAGS=''
GTK_LIBS=''
HAVE_GTK_FALSE=''
HAVE_GTK_TRUE=''
HAVE_VALAC_FALSE=''
HAVE_VALAC_TRUE=''
HAVE_XSLTPROC_FALSE=''
HAVE_XSLTPROC_TRUE=''
INSTALL_DATA='${INSTALL} -m 644'
INSTALL_PROGRAM='${INSTALL}'
INSTALL_SCRIPT='${INSTALL}'
INSTALL_STRIP_PROGRAM='$(install_sh) -c -s'
LDFLAGS=''
LIBOBJS=''
LIBS=''
LN_S=''
LTLIBOBJS=''
M4=''
M4_DISTRO_FLAG=''
MAKEINFO=''
MKDIR_P='/bin/mkdir -p'
OBJEXT=''
PACKAGE='systemd'
PACKAGE_BUGREPORT='systemd-devel@lists.freedesktop.org'
PACKAGE_NAME='systemd'
PACKAGE_STRING='systemd 0'
PACKAGE_TARNAME='systemd'
PACKAGE_URL=''
PACKAGE_VERSION='0'
PATH_SEPARATOR=':'
PKG_CONFIG=''
PKG_CONFIG_LIBDIR=''
PKG_CONFIG_PATH=''
SED=''
SET_MAKE=''
SHELL='/bin/bash'
SPECIAL_DBUS_SERVICE=''
SPECIAL_SYSLOG_SERVICE=''
STOW=''
STRIP=''
SYSTEM_SYSVINIT_PATH=''
SYSTEM_SYSVRCND_PATH=''
TARGET_ARCH_FALSE=''
TARGET_ARCH_TRUE=''
TARGET_DEBIAN_FALSE=''
TARGET_DEBIAN_TRUE=''
TARGET_FEDORA_FALSE=''
TARGET_FEDORA_TRUE=''
TARGET_GENTOO_FALSE=''
TARGET_GENTOO_TRUE=''
TARGET_SLACKWARE_FALSE=''
TARGET_SLACKWARE_TRUE=''
TARGET_SUSE_FALSE=''
TARGET_SUSE_TRUE=''
UDEV_CFLAGS=''
UDEV_LIBS=''
VALAC=''
VAPIDIR=''
VERSION='0'
XSLTPROC=''
ac_ct_CC=''
am__EXEEXT_FALSE=''
am__EXEEXT_TRUE=''
am__fastdepCC_FALSE=''
am__fastdepCC_TRUE=''
am__include=''
am__isrc=''
am__leading_dot='.'
am__quote=''
am__tar=''
am__untar=''
bindir='${exec_prefix}/bin'
build=''
build_alias=''
build_cpu=''
build_os=''
build_vendor=''
datadir='${datarootdir}'
datarootdir='${prefix}/share'
docdir='${datarootdir}/doc/${PACKAGE_TARNAME}'
dvidir='${docdir}'
exec_prefix='NONE'
host=''
host_alias=''
host_cpu=''
host_os=''
host_vendor=''
htmldir='${docdir}'
includedir='${prefix}/include'
infodir='${datarootdir}/info'
install_sh='${SHELL} /tmp/systemd/install-sh'
libdir='${exec_prefix}/lib'
libexecdir='${exec_prefix}/libexec'
localedir='${datarootdir}/locale'
localstatedir='/var'
mandir='${datarootdir}/man'
mkdir_p='/bin/mkdir -p'
oldincludedir='/usr/include'
pdfdir='${docdir}'
prefix='NONE'
program_transform_name='s,x,x,'
psdir='${docdir}'
rootdir=''
sbindir='${exec_prefix}/sbin'
sharedstatedir='${prefix}/com'
sysconfdir='/etc'
target_alias=''
udevrulesdir=''

## ----------- ##
## confdefs.h. ##
## ----------- ##

/* confdefs.h */
#define PACKAGE_NAME "systemd"
#define PACKAGE_TARNAME "systemd"
#define PACKAGE_VERSION "0"
#define PACKAGE_STRING "systemd 0"
#define PACKAGE_BUGREPORT "systemd-devel@lists.freedesktop.org"
#define PACKAGE_URL ""
#define PACKAGE "systemd"

configure: caught signal 2
configure: exit 1
